<?xml version="1.0" encoding="UTF-8"?>
<testsuite xmlns:xsi="http://www.w3.org/2001/XMLSchema-instance" xsi:noNamespaceSchemaLocation="https://maven.apache.org/surefire/maven-surefire-plugin/xsd/surefire-test-report.xsd" name="com.in28minutes.microservices.currencyexchangeservice.resource.CurrencyExchangeControllerTest" time="5.075" tests="2" errors="0" skipped="0" failures="0">
  <properties>
[...]
</properties>
  <testcase name="imHealthy" classname="com.in28minutes.microservices.currencyexchangeservice.resource.CurrencyExchangeControllerTest" time="1.038"/>
  <testcase name="retrieveExchangeValue" classname="com.in28minutes.microservices.currencyexchangeservice.resource.CurrencyExchangeControllerTest" time="0.489"/>
</testsuite>